CRITICAL - 2023-10-08 00:20:08 --> Call to undefined function form_open()
in APPPATH/Views/mahasiswa/modaltambah.php on line 12.
 1 SYSTEMPATH/View/View.php(226): include()
 2 SYSTEMPATH/View/View.php(229): CodeIgniter\View\View->CodeIgniter\View\{closure}()
 3 SYSTEMPATH/Common.php(1188): CodeIgniter\View\View->render('mahasiswa/modaltambah', [], true)
 4 APPPATH/Controllers/Mahasiswa.php(38): view('mahasiswa/modaltambah')
 5 SYSTEMPATH/CodeIgniter.php(919): App\Controllers\Mahasiswa->formtambah()
 6 SYSTEMPATH/CodeIgniter.php(494): CodeIgniter\CodeIgniter->runController(Object(App\Controllers\Mahasiswa))
 7 SYSTEMPATH/CodeIgniter.php(353): CodeIgniter\CodeIgniter->handleRequest(null, Object(Config\Cache), false)
 8 FCPATH/index.php(79): CodeIgniter\CodeIgniter->run()
CRITICAL - 2023-10-08 00:20:14 --> Call to undefined function form_open()
in APPPATH/Views/mahasiswa/modaltambah.php on line 12.
 1 SYSTEMPATH/View/View.php(226): include()
 2 SYSTEMPATH/View/View.php(229): CodeIgniter\View\View->CodeIgniter\View\{closure}()
 3 SYSTEMPATH/Common.php(1188): CodeIgniter\View\View->render('mahasiswa/modaltambah', [], true)
 4 APPPATH/Controllers/Mahasiswa.php(38): view('mahasiswa/modaltambah')
 5 SYSTEMPATH/CodeIgniter.php(919): App\Controllers\Mahasiswa->formtambah()
 6 SYSTEMPATH/CodeIgniter.php(494): CodeIgniter\CodeIgniter->runController(Object(App\Controllers\Mahasiswa))
 7 SYSTEMPATH/CodeIgniter.php(353): CodeIgniter\CodeIgniter->handleRequest(null, Object(Config\Cache), false)
 8 FCPATH/index.php(79): CodeIgniter\CodeIgniter->run()
CRITICAL - 2023-10-08 02:07:59 --> syntax error, unexpected token "}"
in APPPATH/Controllers/Mahasiswa.php on line 105.
 1 SYSTEMPATH/Autoloader/Autoloader.php(285): CodeIgniter\Autoloader\Autoloader->includeFile('/Applications/MAMP/htdocs/belajar/ci4_ajax/app/Controllers/Mahasiswa.php')
 2 SYSTEMPATH/Autoloader/Autoloader.php(263): CodeIgniter\Autoloader\Autoloader->loadInNamespace('App\\Controllers\\Mahasiswa')
 3 [internal function]: CodeIgniter\Autoloader\Autoloader->loadClass('App\\Controllers\\Mahasiswa')
 4 SYSTEMPATH/CodeIgniter.php(877): class_exists('\\App\\Controllers\\Mahasiswa', true)
 5 SYSTEMPATH/CodeIgniter.php(481): CodeIgniter\CodeIgniter->startController()
 6 SYSTEMPATH/CodeIgniter.php(353): CodeIgniter\CodeIgniter->handleRequest(null, Object(Config\Cache), false)
 7 FCPATH/index.php(79): CodeIgniter\CodeIgniter->run()
CRITICAL - 2023-10-08 02:08:01 --> syntax error, unexpected token "}"
in APPPATH/Controllers/Mahasiswa.php on line 105.
 1 SYSTEMPATH/Autoloader/Autoloader.php(285): CodeIgniter\Autoloader\Autoloader->includeFile('/Applications/MAMP/htdocs/belajar/ci4_ajax/app/Controllers/Mahasiswa.php')
 2 SYSTEMPATH/Autoloader/Autoloader.php(263): CodeIgniter\Autoloader\Autoloader->loadInNamespace('App\\Controllers\\Mahasiswa')
 3 [internal function]: CodeIgniter\Autoloader\Autoloader->loadClass('App\\Controllers\\Mahasiswa')
 4 SYSTEMPATH/CodeIgniter.php(877): class_exists('\\App\\Controllers\\Mahasiswa', true)
 5 SYSTEMPATH/CodeIgniter.php(481): CodeIgniter\CodeIgniter->startController()
 6 SYSTEMPATH/CodeIgniter.php(353): CodeIgniter\CodeIgniter->handleRequest(null, Object(Config\Cache), false)
 7 FCPATH/index.php(79): CodeIgniter\CodeIgniter->run()
CRITICAL - 2023-10-08 04:09:29 --> Undefined array key "nohp"
in APPPATH/Controllers/Mahasiswa.php on line 121.
 1 APPPATH/Controllers/Mahasiswa.php(121): CodeIgniter\Debug\Exceptions->errorHandler(2, 'Undefined array key "nohp"', '/Applications/MAMP/htdocs/belajar/ci4_ajax/app/Controllers/Mahasiswa.php', 121)
 2 SYSTEMPATH/CodeIgniter.php(919): App\Controllers\Mahasiswa->formedit()
 3 SYSTEMPATH/CodeIgniter.php(494): CodeIgniter\CodeIgniter->runController(Object(App\Controllers\Mahasiswa))
 4 SYSTEMPATH/CodeIgniter.php(353): CodeIgniter\CodeIgniter->handleRequest(null, Object(Config\Cache), false)
 5 FCPATH/index.php(79): CodeIgniter\CodeIgniter->run()
CRITICAL - 2023-10-08 04:09:33 --> Undefined array key "nohp"
in APPPATH/Controllers/Mahasiswa.php on line 121.
 1 APPPATH/Controllers/Mahasiswa.php(121): CodeIgniter\Debug\Exceptions->errorHandler(2, 'Undefined array key "nohp"', '/Applications/MAMP/htdocs/belajar/ci4_ajax/app/Controllers/Mahasiswa.php', 121)
 2 SYSTEMPATH/CodeIgniter.php(919): App\Controllers\Mahasiswa->formedit()
 3 SYSTEMPATH/CodeIgniter.php(494): CodeIgniter\CodeIgniter->runController(Object(App\Controllers\Mahasiswa))
 4 SYSTEMPATH/CodeIgniter.php(353): CodeIgniter\CodeIgniter->handleRequest(null, Object(Config\Cache), false)
 5 FCPATH/index.php(79): CodeIgniter\CodeIgniter->run()
CRITICAL - 2023-10-08 04:26:11 --> Undefined variable $tgl
in APPPATH/Views/mahasiswa/modaledit.php on line 39.
 1 APPPATH/Views/mahasiswa/modaledit.php(39): CodeIgniter\Debug\Exceptions->errorHandler(2, 'Undefined variable $tgl', '/Applications/MAMP/htdocs/belajar/ci4_ajax/app/Views/mahasiswa/modaledit.php', 39)
 2 SYSTEMPATH/View/View.php(226): include('/Applications/MAMP/htdocs/belajar/ci4_ajax/app/Views/mahasiswa/modaledit.php')
 3 SYSTEMPATH/View/View.php(229): CodeIgniter\View\View->CodeIgniter\View\{closure}()
 4 SYSTEMPATH/Common.php(1188): CodeIgniter\View\View->render('mahasiswa/modaledit', [], true)
 5 APPPATH/Controllers/Mahasiswa.php(129): view('mahasiswa/modaledit', [...])
 6 SYSTEMPATH/CodeIgniter.php(919): App\Controllers\Mahasiswa->formedit()
 7 SYSTEMPATH/CodeIgniter.php(494): CodeIgniter\CodeIgniter->runController(Object(App\Controllers\Mahasiswa))
 8 SYSTEMPATH/CodeIgniter.php(353): CodeIgniter\CodeIgniter->handleRequest(null, Object(Config\Cache), false)
 9 FCPATH/index.php(79): CodeIgniter\CodeIgniter->run()
CRITICAL - 2023-10-08 04:26:15 --> Undefined variable $tgl
in APPPATH/Views/mahasiswa/modaledit.php on line 39.
 1 APPPATH/Views/mahasiswa/modaledit.php(39): CodeIgniter\Debug\Exceptions->errorHandler(2, 'Undefined variable $tgl', '/Applications/MAMP/htdocs/belajar/ci4_ajax/app/Views/mahasiswa/modaledit.php', 39)
 2 SYSTEMPATH/View/View.php(226): include('/Applications/MAMP/htdocs/belajar/ci4_ajax/app/Views/mahasiswa/modaledit.php')
 3 SYSTEMPATH/View/View.php(229): CodeIgniter\View\View->CodeIgniter\View\{closure}()
 4 SYSTEMPATH/Common.php(1188): CodeIgniter\View\View->render('mahasiswa/modaledit', [], true)
 5 APPPATH/Controllers/Mahasiswa.php(129): view('mahasiswa/modaledit', [...])
 6 SYSTEMPATH/CodeIgniter.php(919): App\Controllers\Mahasiswa->formedit()
 7 SYSTEMPATH/CodeIgniter.php(494): CodeIgniter\CodeIgniter->runController(Object(App\Controllers\Mahasiswa))
 8 SYSTEMPATH/CodeIgniter.php(353): CodeIgniter\CodeIgniter->handleRequest(null, Object(Config\Cache), false)
 9 FCPATH/index.php(79): CodeIgniter\CodeIgniter->run()
CRITICAL - 2023-10-08 04:26:17 --> Undefined variable $tgl
in APPPATH/Views/mahasiswa/modaledit.php on line 39.
 1 APPPATH/Views/mahasiswa/modaledit.php(39): CodeIgniter\Debug\Exceptions->errorHandler(2, 'Undefined variable $tgl', '/Applications/MAMP/htdocs/belajar/ci4_ajax/app/Views/mahasiswa/modaledit.php', 39)
 2 SYSTEMPATH/View/View.php(226): include('/Applications/MAMP/htdocs/belajar/ci4_ajax/app/Views/mahasiswa/modaledit.php')
 3 SYSTEMPATH/View/View.php(229): CodeIgniter\View\View->CodeIgniter\View\{closure}()
 4 SYSTEMPATH/Common.php(1188): CodeIgniter\View\View->render('mahasiswa/modaledit', [], true)
 5 APPPATH/Controllers/Mahasiswa.php(129): view('mahasiswa/modaledit', [...])
 6 SYSTEMPATH/CodeIgniter.php(919): App\Controllers\Mahasiswa->formedit()
 7 SYSTEMPATH/CodeIgniter.php(494): CodeIgniter\CodeIgniter->runController(Object(App\Controllers\Mahasiswa))
 8 SYSTEMPATH/CodeIgniter.php(353): CodeIgniter\CodeIgniter->handleRequest(null, Object(Config\Cache), false)
 9 FCPATH/index.php(79): CodeIgniter\CodeIgniter->run()
CRITICAL - 2023-10-08 04:26:36 --> Undefined variable $tgl
in APPPATH/Views/mahasiswa/modaledit.php on line 39.
 1 APPPATH/Views/mahasiswa/modaledit.php(39): CodeIgniter\Debug\Exceptions->errorHandler(2, 'Undefined variable $tgl', '/Applications/MAMP/htdocs/belajar/ci4_ajax/app/Views/mahasiswa/modaledit.php', 39)
 2 SYSTEMPATH/View/View.php(226): include('/Applications/MAMP/htdocs/belajar/ci4_ajax/app/Views/mahasiswa/modaledit.php')
 3 SYSTEMPATH/View/View.php(229): CodeIgniter\View\View->CodeIgniter\View\{closure}()
 4 SYSTEMPATH/Common.php(1188): CodeIgniter\View\View->render('mahasiswa/modaledit', [], true)
 5 APPPATH/Controllers/Mahasiswa.php(129): view('mahasiswa/modaledit', [...])
 6 SYSTEMPATH/CodeIgniter.php(919): App\Controllers\Mahasiswa->formedit()
 7 SYSTEMPATH/CodeIgniter.php(494): CodeIgniter\CodeIgniter->runController(Object(App\Controllers\Mahasiswa))
 8 SYSTEMPATH/CodeIgniter.php(353): CodeIgniter\CodeIgniter->handleRequest(null, Object(Config\Cache), false)
 9 FCPATH/index.php(79): CodeIgniter\CodeIgniter->run()
CRITICAL - 2023-10-08 04:26:58 --> Undefined variable $tgl
in APPPATH/Views/mahasiswa/modaledit.php on line 39.
 1 APPPATH/Views/mahasiswa/modaledit.php(39): CodeIgniter\Debug\Exceptions->errorHandler(2, 'Undefined variable $tgl', '/Applications/MAMP/htdocs/belajar/ci4_ajax/app/Views/mahasiswa/modaledit.php', 39)
 2 SYSTEMPATH/View/View.php(226): include('/Applications/MAMP/htdocs/belajar/ci4_ajax/app/Views/mahasiswa/modaledit.php')
 3 SYSTEMPATH/View/View.php(229): CodeIgniter\View\View->CodeIgniter\View\{closure}()
 4 SYSTEMPATH/Common.php(1188): CodeIgniter\View\View->render('mahasiswa/modaledit', [], true)
 5 APPPATH/Controllers/Mahasiswa.php(129): view('mahasiswa/modaledit', [...])
 6 SYSTEMPATH/CodeIgniter.php(919): App\Controllers\Mahasiswa->formedit()
 7 SYSTEMPATH/CodeIgniter.php(494): CodeIgniter\CodeIgniter->runController(Object(App\Controllers\Mahasiswa))
 8 SYSTEMPATH/CodeIgniter.php(353): CodeIgniter\CodeIgniter->handleRequest(null, Object(Config\Cache), false)
 9 FCPATH/index.php(79): CodeIgniter\CodeIgniter->run()
CRITICAL - 2023-10-08 04:27:15 --> Undefined variable $tgl
in APPPATH/Views/mahasiswa/modaledit.php on line 39.
 1 APPPATH/Views/mahasiswa/modaledit.php(39): CodeIgniter\Debug\Exceptions->errorHandler(2, 'Undefined variable $tgl', '/Applications/MAMP/htdocs/belajar/ci4_ajax/app/Views/mahasiswa/modaledit.php', 39)
 2 SYSTEMPATH/View/View.php(226): include('/Applications/MAMP/htdocs/belajar/ci4_ajax/app/Views/mahasiswa/modaledit.php')
 3 SYSTEMPATH/View/View.php(229): CodeIgniter\View\View->CodeIgniter\View\{closure}()
 4 SYSTEMPATH/Common.php(1188): CodeIgniter\View\View->render('mahasiswa/modaledit', [], true)
 5 APPPATH/Controllers/Mahasiswa.php(129): view('mahasiswa/modaledit', [...])
 6 SYSTEMPATH/CodeIgniter.php(919): App\Controllers\Mahasiswa->formedit()
 7 SYSTEMPATH/CodeIgniter.php(494): CodeIgniter\CodeIgniter->runController(Object(App\Controllers\Mahasiswa))
 8 SYSTEMPATH/CodeIgniter.php(353): CodeIgniter\CodeIgniter->handleRequest(null, Object(Config\Cache), false)
 9 FCPATH/index.php(79): CodeIgniter\CodeIgniter->run()
WARNING - 2023-10-08 05:47:18 --> [DEPRECATED] Creation of dynamic property App\Controllers\Mahasiswa::$mhs is deprecated in APPPATH/Controllers/BaseController.php on line 58.
 1 SYSTEMPATH/CodeIgniter.php(892): App\Controllers\BaseController->initController(Object(CodeIgniter\HTTP\IncomingRequest), Object(CodeIgniter\HTTP\Response), Object(CodeIgniter\Log\Logger))
 2 SYSTEMPATH/CodeIgniter.php(485): CodeIgniter\CodeIgniter->createController()
 3 SYSTEMPATH/CodeIgniter.php(353): CodeIgniter\CodeIgniter->handleRequest(null, Object(Config\Cache), false)
 4 FCPATH/index.php(79): CodeIgniter\CodeIgniter->run()
WARNING - 2023-10-08 05:47:18 --> [DEPRECATED] Creation of dynamic property App\Controllers\Mahasiswa::$mhs is deprecated in APPPATH/Controllers/BaseController.php on line 58.
 1 SYSTEMPATH/CodeIgniter.php(892): App\Controllers\BaseController->initController(Object(CodeIgniter\HTTP\IncomingRequest), Object(CodeIgniter\HTTP\Response), Object(CodeIgniter\Log\Logger))
 2 SYSTEMPATH/CodeIgniter.php(485): CodeIgniter\CodeIgniter->createController()
 3 SYSTEMPATH/CodeIgniter.php(353): CodeIgniter\CodeIgniter->handleRequest(null, Object(Config\Cache), false)
 4 FCPATH/index.php(79): CodeIgniter\CodeIgniter->run()
CRITICAL - 2023-10-08 05:47:18 --> Undefined variable $mhs
in APPPATH/Controllers/Mahasiswa.php on line 20.
 1 APPPATH/Controllers/Mahasiswa.php(20): CodeIgniter\Debug\Exceptions->errorHandler(2, 'Undefined variable $mhs', '/Applications/MAMP/htdocs/belajar/ci4_ajax/app/Controllers/Mahasiswa.php', 20)
 2 SYSTEMPATH/CodeIgniter.php(919): App\Controllers\Mahasiswa->ambildata()
 3 SYSTEMPATH/CodeIgniter.php(494): CodeIgniter\CodeIgniter->runController(Object(App\Controllers\Mahasiswa))
 4 SYSTEMPATH/CodeIgniter.php(353): CodeIgniter\CodeIgniter->handleRequest(null, Object(Config\Cache), false)
 5 FCPATH/index.php(79): CodeIgniter\CodeIgniter->run()
WARNING - 2023-10-08 05:47:30 --> [DEPRECATED] Creation of dynamic property App\Controllers\Mahasiswa::$mhs is deprecated in APPPATH/Controllers/BaseController.php on line 58.
 1 SYSTEMPATH/CodeIgniter.php(892): App\Controllers\BaseController->initController(Object(CodeIgniter\HTTP\IncomingRequest), Object(CodeIgniter\HTTP\Response), Object(CodeIgniter\Log\Logger))
 2 SYSTEMPATH/CodeIgniter.php(485): CodeIgniter\CodeIgniter->createController()
 3 SYSTEMPATH/CodeIgniter.php(353): CodeIgniter\CodeIgniter->handleRequest(null, Object(Config\Cache), false)
 4 FCPATH/index.php(79): CodeIgniter\CodeIgniter->run()
WARNING - 2023-10-08 05:47:30 --> [DEPRECATED] Creation of dynamic property App\Controllers\Mahasiswa::$mhs is deprecated in APPPATH/Controllers/BaseController.php on line 58.
 1 SYSTEMPATH/CodeIgniter.php(892): App\Controllers\BaseController->initController(Object(CodeIgniter\HTTP\IncomingRequest), Object(CodeIgniter\HTTP\Response), Object(CodeIgniter\Log\Logger))
 2 SYSTEMPATH/CodeIgniter.php(485): CodeIgniter\CodeIgniter->createController()
 3 SYSTEMPATH/CodeIgniter.php(353): CodeIgniter\CodeIgniter->handleRequest(null, Object(Config\Cache), false)
 4 FCPATH/index.php(79): CodeIgniter\CodeIgniter->run()
WARNING - 2023-10-08 05:48:01 --> [DEPRECATED] Creation of dynamic property App\Controllers\Mahasiswa::$mhs is deprecated in APPPATH/Controllers/BaseController.php on line 58.
 1 SYSTEMPATH/CodeIgniter.php(892): App\Controllers\BaseController->initController(Object(CodeIgniter\HTTP\IncomingRequest), Object(CodeIgniter\HTTP\Response), Object(CodeIgniter\Log\Logger))
 2 SYSTEMPATH/CodeIgniter.php(485): CodeIgniter\CodeIgniter->createController()
 3 SYSTEMPATH/CodeIgniter.php(353): CodeIgniter\CodeIgniter->handleRequest(null, Object(Config\Cache), false)
 4 FCPATH/index.php(79): CodeIgniter\CodeIgniter->run()
WARNING - 2023-10-08 05:48:01 --> [DEPRECATED] Creation of dynamic property App\Controllers\Mahasiswa::$mhs is deprecated in APPPATH/Controllers/BaseController.php on line 58.
 1 SYSTEMPATH/CodeIgniter.php(892): App\Controllers\BaseController->initController(Object(CodeIgniter\HTTP\IncomingRequest), Object(CodeIgniter\HTTP\Response), Object(CodeIgniter\Log\Logger))
 2 SYSTEMPATH/CodeIgniter.php(485): CodeIgniter\CodeIgniter->createController()
 3 SYSTEMPATH/CodeIgniter.php(353): CodeIgniter\CodeIgniter->handleRequest(null, Object(Config\Cache), false)
 4 FCPATH/index.php(79): CodeIgniter\CodeIgniter->run()
WARNING - 2023-10-08 05:48:02 --> [DEPRECATED] Creation of dynamic property App\Controllers\Mahasiswa::$mhs is deprecated in APPPATH/Controllers/BaseController.php on line 58.
 1 SYSTEMPATH/CodeIgniter.php(892): App\Controllers\BaseController->initController(Object(CodeIgniter\HTTP\IncomingRequest), Object(CodeIgniter\HTTP\Response), Object(CodeIgniter\Log\Logger))
 2 SYSTEMPATH/CodeIgniter.php(485): CodeIgniter\CodeIgniter->createController()
 3 SYSTEMPATH/CodeIgniter.php(353): CodeIgniter\CodeIgniter->handleRequest(null, Object(Config\Cache), false)
 4 FCPATH/index.php(79): CodeIgniter\CodeIgniter->run()
WARNING - 2023-10-08 05:48:16 --> [DEPRECATED] Creation of dynamic property App\Controllers\Mahasiswa::$mhs is deprecated in APPPATH/Controllers/BaseController.php on line 58.
 1 SYSTEMPATH/CodeIgniter.php(892): App\Controllers\BaseController->initController(Object(CodeIgniter\HTTP\IncomingRequest), Object(CodeIgniter\HTTP\Response), Object(CodeIgniter\Log\Logger))
 2 SYSTEMPATH/CodeIgniter.php(485): CodeIgniter\CodeIgniter->createController()
 3 SYSTEMPATH/CodeIgniter.php(353): CodeIgniter\CodeIgniter->handleRequest(null, Object(Config\Cache), false)
 4 FCPATH/index.php(79): CodeIgniter\CodeIgniter->run()
WARNING - 2023-10-08 05:48:16 --> [DEPRECATED] Creation of dynamic property App\Controllers\Mahasiswa::$mhs is deprecated in APPPATH/Controllers/BaseController.php on line 58.
 1 SYSTEMPATH/CodeIgniter.php(892): App\Controllers\BaseController->initController(Object(CodeIgniter\HTTP\IncomingRequest), Object(CodeIgniter\HTTP\Response), Object(CodeIgniter\Log\Logger))
 2 SYSTEMPATH/CodeIgniter.php(485): CodeIgniter\CodeIgniter->createController()
 3 SYSTEMPATH/CodeIgniter.php(353): CodeIgniter\CodeIgniter->handleRequest(null, Object(Config\Cache), false)
 4 FCPATH/index.php(79): CodeIgniter\CodeIgniter->run()
WARNING - 2023-10-08 05:48:22 --> [DEPRECATED] Creation of dynamic property App\Controllers\Mahasiswa::$mhs is deprecated in APPPATH/Controllers/BaseController.php on line 58.
 1 SYSTEMPATH/CodeIgniter.php(892): App\Controllers\BaseController->initController(Object(CodeIgniter\HTTP\IncomingRequest), Object(CodeIgniter\HTTP\Response), Object(CodeIgniter\Log\Logger))
 2 SYSTEMPATH/CodeIgniter.php(485): CodeIgniter\CodeIgniter->createController()
 3 SYSTEMPATH/CodeIgniter.php(353): CodeIgniter\CodeIgniter->handleRequest(null, Object(Config\Cache), false)
 4 FCPATH/index.php(79): CodeIgniter\CodeIgniter->run()
WARNING - 2023-10-08 05:48:22 --> [DEPRECATED] Creation of dynamic property App\Controllers\Mahasiswa::$mhs is deprecated in APPPATH/Controllers/BaseController.php on line 58.
 1 SYSTEMPATH/CodeIgniter.php(892): App\Controllers\BaseController->initController(Object(CodeIgniter\HTTP\IncomingRequest), Object(CodeIgniter\HTTP\Response), Object(CodeIgniter\Log\Logger))
 2 SYSTEMPATH/CodeIgniter.php(485): CodeIgniter\CodeIgniter->createController()
 3 SYSTEMPATH/CodeIgniter.php(353): CodeIgniter\CodeIgniter->handleRequest(null, Object(Config\Cache), false)
 4 FCPATH/index.php(79): CodeIgniter\CodeIgniter->run()
WARNING - 2023-10-08 05:48:52 --> [DEPRECATED] Creation of dynamic property App\Controllers\Mahasiswa::$mhs is deprecated in APPPATH/Controllers/BaseController.php on line 58.
 1 SYSTEMPATH/CodeIgniter.php(892): App\Controllers\BaseController->initController(Object(CodeIgniter\HTTP\IncomingRequest), Object(CodeIgniter\HTTP\Response), Object(CodeIgniter\Log\Logger))
 2 SYSTEMPATH/CodeIgniter.php(485): CodeIgniter\CodeIgniter->createController()
 3 SYSTEMPATH/CodeIgniter.php(353): CodeIgniter\CodeIgniter->handleRequest(null, Object(Config\Cache), false)
 4 FCPATH/index.php(79): CodeIgniter\CodeIgniter->run()
WARNING - 2023-10-08 05:49:08 --> [DEPRECATED] Creation of dynamic property App\Controllers\Mahasiswa::$mhs is deprecated in APPPATH/Controllers/BaseController.php on line 58.
 1 SYSTEMPATH/CodeIgniter.php(892): App\Controllers\BaseController->initController(Object(CodeIgniter\HTTP\IncomingRequest), Object(CodeIgniter\HTTP\Response), Object(CodeIgniter\Log\Logger))
 2 SYSTEMPATH/CodeIgniter.php(485): CodeIgniter\CodeIgniter->createController()
 3 SYSTEMPATH/CodeIgniter.php(353): CodeIgniter\CodeIgniter->handleRequest(null, Object(Config\Cache), false)
 4 FCPATH/index.php(79): CodeIgniter\CodeIgniter->run()
WARNING - 2023-10-08 05:49:14 --> [DEPRECATED] Creation of dynamic property App\Controllers\Mahasiswa::$mhs is deprecated in APPPATH/Controllers/BaseController.php on line 58.
 1 SYSTEMPATH/CodeIgniter.php(892): App\Controllers\BaseController->initController(Object(CodeIgniter\HTTP\IncomingRequest), Object(CodeIgniter\HTTP\Response), Object(CodeIgniter\Log\Logger))
 2 SYSTEMPATH/CodeIgniter.php(485): CodeIgniter\CodeIgniter->createController()
 3 SYSTEMPATH/CodeIgniter.php(353): CodeIgniter\CodeIgniter->handleRequest(null, Object(Config\Cache), false)
 4 FCPATH/index.php(79): CodeIgniter\CodeIgniter->run()
WARNING - 2023-10-08 05:49:14 --> [DEPRECATED] Creation of dynamic property App\Controllers\Mahasiswa::$mhs is deprecated in APPPATH/Controllers/BaseController.php on line 58.
 1 SYSTEMPATH/CodeIgniter.php(892): App\Controllers\BaseController->initController(Object(CodeIgniter\HTTP\IncomingRequest), Object(CodeIgniter\HTTP\Response), Object(CodeIgniter\Log\Logger))
 2 SYSTEMPATH/CodeIgniter.php(485): CodeIgniter\CodeIgniter->createController()
 3 SYSTEMPATH/CodeIgniter.php(353): CodeIgniter\CodeIgniter->handleRequest(null, Object(Config\Cache), false)
 4 FCPATH/index.php(79): CodeIgniter\CodeIgniter->run()
WARNING - 2023-10-08 05:49:46 --> [DEPRECATED] Creation of dynamic property App\Controllers\Mahasiswa::$mhs is deprecated in APPPATH/Controllers/BaseController.php on line 58.
 1 SYSTEMPATH/CodeIgniter.php(892): App\Controllers\BaseController->initController(Object(CodeIgniter\HTTP\IncomingRequest), Object(CodeIgniter\HTTP\Response), Object(CodeIgniter\Log\Logger))
 2 SYSTEMPATH/CodeIgniter.php(485): CodeIgniter\CodeIgniter->createController()
 3 SYSTEMPATH/CodeIgniter.php(353): CodeIgniter\CodeIgniter->handleRequest(null, Object(Config\Cache), false)
 4 FCPATH/index.php(79): CodeIgniter\CodeIgniter->run()
WARNING - 2023-10-08 05:49:46 --> [DEPRECATED] Creation of dynamic property App\Controllers\Mahasiswa::$mhs is deprecated in APPPATH/Controllers/BaseController.php on line 58.
 1 SYSTEMPATH/CodeIgniter.php(892): App\Controllers\BaseController->initController(Object(CodeIgniter\HTTP\IncomingRequest), Object(CodeIgniter\HTTP\Response), Object(CodeIgniter\Log\Logger))
 2 SYSTEMPATH/CodeIgniter.php(485): CodeIgniter\CodeIgniter->createController()
 3 SYSTEMPATH/CodeIgniter.php(353): CodeIgniter\CodeIgniter->handleRequest(null, Object(Config\Cache), false)
 4 FCPATH/index.php(79): CodeIgniter\CodeIgniter->run()
WARNING - 2023-10-08 05:49:50 --> [DEPRECATED] Creation of dynamic property App\Controllers\Mahasiswa::$mhs is deprecated in APPPATH/Controllers/BaseController.php on line 58.
 1 SYSTEMPATH/CodeIgniter.php(892): App\Controllers\BaseController->initController(Object(CodeIgniter\HTTP\IncomingRequest), Object(CodeIgniter\HTTP\Response), Object(CodeIgniter\Log\Logger))
 2 SYSTEMPATH/CodeIgniter.php(485): CodeIgniter\CodeIgniter->createController()
 3 SYSTEMPATH/CodeIgniter.php(353): CodeIgniter\CodeIgniter->handleRequest(null, Object(Config\Cache), false)
 4 FCPATH/index.php(79): CodeIgniter\CodeIgniter->run()
WARNING - 2023-10-08 05:49:50 --> [DEPRECATED] Creation of dynamic property App\Controllers\Mahasiswa::$mhs is deprecated in APPPATH/Controllers/BaseController.php on line 58.
 1 SYSTEMPATH/CodeIgniter.php(892): App\Controllers\BaseController->initController(Object(CodeIgniter\HTTP\IncomingRequest), Object(CodeIgniter\HTTP\Response), Object(CodeIgniter\Log\Logger))
 2 SYSTEMPATH/CodeIgniter.php(485): CodeIgniter\CodeIgniter->createController()
 3 SYSTEMPATH/CodeIgniter.php(353): CodeIgniter\CodeIgniter->handleRequest(null, Object(Config\Cache), false)
 4 FCPATH/index.php(79): CodeIgniter\CodeIgniter->run()
